<?xml version="1.0" encoding="UTF-8"?>
<!-- Generated by org.testng.reporters.JUnitReportReporter -->
<testsuite hostname="NITISH-PC" name="com.demo.pagefactory.VerifyValidLogin" tests="1" failures="0" timestamp="19 Oct 2016 05:26:40 GMT" time="49.537" errors="0">
  <testcase name="checkvaliduser" time="49.537" classname="com.demo.pagefactory.VerifyValidLogin"/>
</testsuite> <!-- com.demo.pagefactory.VerifyValidLogin -->
